Using pre-set license
Built from '2020.3/staging' branch; Version is '2020.3.17f1 (a4537701e4ab) revision 10769271'; Using compiler version '192528614'; Build Type 'Release'
OS: 'Windows 10 Home; OS build 19043.1586; Version 2009; 64bit' Language: 'es' Physical Memory: 16191 MB
BatchMode: 1, IsHumanControllingUs: 0, StartBugReporterOnCrash: 0, Is64bit: 1, IsPro: 0

COMMAND LINE ARGUMENTS:
C:\Program Files\Unity\Hub\Editor\2020.3.17f1\Editor\Unity.exe
-adb2
-batchMode
-noUpm
-name
AssetImportWorker0
-projectPath
C:/Users/GA502/Documents/GitHub/Raijin-D-Project/Raijin-D
-logFile
Logs/AssetImportWorker0.log
-srvPort
51891
Successfully changed project path to: C:/Users/GA502/Documents/GitHub/Raijin-D-Project/Raijin-D
C:/Users/GA502/Documents/GitHub/Raijin-D-Project/Raijin-D
Using Asset Import Pipeline V2.
Refreshing native plugins compatible for Editor in 51.48 ms, found 2 plugins.
Preloading 0 native plugins for Editor in 0.00 ms.
Initialize engine version: 2020.3.17f1 (a4537701e4ab)
[Subsystems] Discovering subsystems at path C:/Program Files/Unity/Hub/Editor/2020.3.17f1/Editor/Data/Resources/UnitySubsystems
[Subsystems] Discovering subsystems at path C:/Users/GA502/Documents/GitHub/Raijin-D-Project/Raijin-D/Assets
GfxDevice: creating device client; threaded=0
Direct3D:
    Version:  Direct3D 11.0 [level 11.1]
    Renderer: NVIDIA GeForce GTX 1660 Ti with Max-Q Design (ID=0x2191)
    Vendor:   
    VRAM:     5991 MB
    Driver:   30.0.14.7212
Initialize mono
Mono path[0] = 'C:/Program Files/Unity/Hub/Editor/2020.3.17f1/Editor/Data/Managed'
Mono path[1] = 'C:/Program Files/Unity/Hub/Editor/2020.3.17f1/Editor/Data/MonoBleedingEdge/lib/mono/unityjit'
Mono config path = 'C:/Program Files/Unity/Hub/Editor/2020.3.17f1/Editor/Data/MonoBleedingEdge/etc'
Using monoOptions --debugger-agent=transport=dt_socket,embedding=1,server=y,suspend=n,address=127.0.0.1:56896
Begin MonoManager ReloadAssembly
Registering precompiled unity dll's ...
Register platform support module: C:/Program Files/Unity/Hub/Editor/2020.3.17f1/Editor/Data/PlaybackEngines/WindowsStandaloneSupport/UnityEditor.WindowsStandalone.Extensions.dll
Registered in 0.003088 seconds.
Native extension for WindowsStandalone target not found
Refreshing native plugins compatible for Editor in 43.97 ms, found 2 plugins.
Preloading 0 native plugins for Editor in 0.00 ms.
Mono: successfully reloaded assembly
- Completed reload, in  1.724 seconds
Domain Reload Profiling:
	ReloadAssembly (1724ms)
		BeginReloadAssembly (82ms)
			ExecutionOrderSort (0ms)
			DisableScriptedObjects (0ms)
			BackupInstance (0ms)
			ReleaseScriptingObjects (0ms)
			CreateAndSetChildDomain (1ms)
		EndReloadAssembly (566ms)
			LoadAssemblies (78ms)
			RebuildTransferFunctionScriptingTraits (0ms)
			SetupTypeCache (195ms)
			ReleaseScriptCaches (0ms)
			RebuildScriptCaches (47ms)
			SetupLoadedEditorAssemblies (220ms)
				LogAssemblyErrors (0ms)
				InitializePlatformSupportModulesInManaged (6ms)
				SetLoadedEditorAssemblies (0ms)
				RefreshPlugins (44ms)
				BeforeProcessingInitializeOnLoad (22ms)
				ProcessInitializeOnLoadAttributes (111ms)
				ProcessInitializeOnLoadMethodAttributes (36ms)
				AfterProcessingInitializeOnLoad (0ms)
				EditorAssembliesLoaded (0ms)
			ExecutionOrderSort2 (0ms)
			AwakeInstancesAfterBackupRestoration (0ms)
Platform modules already initialized, skipping
Registering precompiled user dll's ...
Registered in 0.031574 seconds.
Begin MonoManager ReloadAssembly
Native extension for WindowsStandalone target not found
Refreshing native plugins compatible for Editor in 45.75 ms, found 2 plugins.
Preloading 0 native plugins for Editor in 0.00 ms.
Mono: successfully reloaded assembly
- Completed reload, in  1.553 seconds
Domain Reload Profiling:
	ReloadAssembly (1555ms)
		BeginReloadAssembly (209ms)
			ExecutionOrderSort (0ms)
			DisableScriptedObjects (7ms)
			BackupInstance (0ms)
			ReleaseScriptingObjects (0ms)
			CreateAndSetChildDomain (27ms)
		EndReloadAssembly (1243ms)
			LoadAssemblies (139ms)
			RebuildTransferFunctionScriptingTraits (0ms)
			SetupTypeCache (370ms)
			ReleaseScriptCaches (1ms)
			RebuildScriptCaches (73ms)
			SetupLoadedEditorAssemblies (508ms)
				LogAssemblyErrors (0ms)
				InitializePlatformSupportModulesInManaged (7ms)
				SetLoadedEditorAssemblies (0ms)
				RefreshPlugins (46ms)
				BeforeProcessingInitializeOnLoad (100ms)
				ProcessInitializeOnLoadAttributes (330ms)
				ProcessInitializeOnLoadMethodAttributes (13ms)
				AfterProcessingInitializeOnLoad (12ms)
				EditorAssembliesLoaded (0ms)
			ExecutionOrderSort2 (0ms)
			AwakeInstancesAfterBackupRestoration (8ms)
Platform modules already initialized, skipping
========================================================================
Worker process is ready to serve import requests
Launched and connected shader compiler UnityShaderCompiler.exe after 0.07 seconds
Refreshing native plugins compatible for Editor in 0.75 ms, found 2 plugins.
Preloading 0 native plugins for Editor in 0.00 ms.
Unloading 1785 Unused Serialized files (Serialized files now loaded: 0)
System memory in use before: 78.6 MB.
System memory in use after: 78.7 MB.

Unloading 21 unused Assets to reduce memory usage. Loaded Objects now: 2219.
Total: 4.966100 ms (FindLiveObjects: 0.260600 ms CreateObjectMapping: 0.057200 ms MarkObjects: 4.546600 ms  DeleteObjects: 0.099900 ms)

AssetImportParameters requested are different than current active one (requested -> active):
  custom:framework-win-MediaFoundation: 216162199b28c13a410421893ffa2e32 -> 
  custom:video-decoder-ogg-theora: a1e56fd34408186e4bbccfd4996cb3dc -> 
  custom:container-muxer-webm: aa71ff27fc2769a1b78a27578f13a17b -> 
  custom:container-demuxer-webm: 4f35f7cbe854078d1ac9338744f61a02 -> 
  custom:container-demuxer-ogg: 62fdf1f143b41e24485cea50d1cbac27 -> 
  custom:video-encoder-webm-vp8: eb34c28f22e8b96e1ab97ce403110664 -> 
  custom:video-codec-MediaFoundation-h265: 746d11721c4dcdbdad8f713fa42b33f4 -> 
  custom:video-decoder-webm-vp8: 9c59270c3fd7afecdb556c50c9e8de78 -> 
  custom:audio-decoder-ogg-vorbis: bf7c407c2cedff20999df2af8eb42d56 -> 
  custom:audio-encoder-webm-vorbis: bf7c407c2cedff20999df2af8eb42d56 -> 
========================================================================
Received Import Request.
  path: Assets/modelos/Coches
  artifactKey: Guid(1ff63a2d21f17dd41b94a3ba1fc1392b) Importer(815301076,1909f56bfc062723c751e8b465ee728b)
Start importing Assets/modelos/Coches using Guid(1ff63a2d21f17dd41b94a3ba1fc1392b) Importer(815301076,1909f56bfc062723c751e8b465ee728b)  -> (artifact id: 'a2550f0669319415a8174d46ee71172e') in 0.010564 seconds 
  Import took 0.014645 seconds .

========================================================================
Received Import Request.
  Time since last request: 3.996962 seconds.
  path: Assets/modelos/Circuitos
  artifactKey: Guid(71478d32953994f4db6cb3d631d64d8e) Importer(815301076,1909f56bfc062723c751e8b465ee728b)
Start importing Assets/modelos/Circuitos using Guid(71478d32953994f4db6cb3d631d64d8e) Importer(815301076,1909f56bfc062723c751e8b465ee728b)  -> (artifact id: 'bcaa1763125b91190be38b81c6ae2e2d') in 0.006458 seconds 
  Import took 0.010030 seconds .

========================================================================
Received Import Request.
  Time since last request: 6.542209 seconds.
  path: Assets/modelos/Circuitos/City_Course
  artifactKey: Guid(a2b83ee130ac1ba4db238fba0af4cbfe) Importer(815301076,1909f56bfc062723c751e8b465ee728b)
Start importing Assets/modelos/Circuitos/City_Course using Guid(a2b83ee130ac1ba4db238fba0af4cbfe) Importer(815301076,1909f56bfc062723c751e8b465ee728b)  -> (artifact id: 'e6fad657a630398da064e43f97d81e8d') in 0.005781 seconds 
  Import took 0.009158 seconds .

========================================================================
Received Import Request.
  Time since last request: 12.171207 seconds.
  path: Assets/Prefabs
  artifactKey: Guid(87c7d474a8ba5f24981170996bdde096) Importer(815301076,1909f56bfc062723c751e8b465ee728b)
Start importing Assets/Prefabs using Guid(87c7d474a8ba5f24981170996bdde096) Importer(815301076,1909f56bfc062723c751e8b465ee728b)  -> (artifact id: '0f70823e51724b91447d0589a3da201b') in 0.006705 seconds 
  Import took 0.011384 seconds .

========================================================================
Received Import Request.
  Time since last request: 3.863649 seconds.
  path: Assets/Prefabs/Coche.prefab
  artifactKey: Guid(6956291926d83d944b40f67eea493349) Importer(815301076,1909f56bfc062723c751e8b465ee728b)
Start importing Assets/Prefabs/Coche.prefab using Guid(6956291926d83d944b40f67eea493349) Importer(815301076,1909f56bfc062723c751e8b465ee728b)  -> (artifact id: 'e2a2bf95759e4f6fec8c8ebaf54f6be9') in 0.179931 seconds 
  Import took 0.184264 seconds .

AssetImportWorkerClient::OnTransportError - code=2 error=End of file
